c:\users\윤성주\desktop\모모도라\momodora_rutm\momodora_rutm\debug\momodora_rutm.pch
c:\users\윤성주\desktop\모모도라\momodora_rutm\momodora_rutm\debug\vc140.pdb
c:\users\윤성주\desktop\모모도라\momodora_rutm\momodora_rutm\debug\vc140.idb
c:\users\윤성주\desktop\모모도라\momodora_rutm\momodora_rutm\debug\stdafx.obj
c:\users\윤성주\desktop\모모도라\momodora_rutm\momodora_rutm\debug\monkeymonster.obj
c:\users\윤성주\desktop\모모도라\momodora_rutm\momodora_rutm\debug\mybitmap.obj
c:\users\윤성주\desktop\모모도라\momodora_rutm\momodora_rutm\debug\mybutton.obj
c:\users\윤성주\desktop\모모도라\momodora_rutm\momodora_rutm\debug\mymenu.obj
c:\users\윤성주\desktop\모모도라\momodora_rutm\momodora_rutm\debug\myrect.obj
c:\users\윤성주\desktop\모모도라\momodora_rutm\momodora_rutm\debug\obj.obj
c:\users\윤성주\desktop\모모도라\momodora_rutm\momodora_rutm\debug\objmgr.obj
c:\users\윤성주\desktop\모모도라\momodora_rutm\momodora_rutm\debug\player.obj
c:\users\윤성주\desktop\모모도라\momodora_rutm\momodora_rutm\debug\rectmgr.obj
c:\users\윤성주\desktop\모모도라\momodora_rutm\momodora_rutm\debug\savepoint.obj
c:\users\윤성주\desktop\모모도라\momodora_rutm\momodora_rutm\debug\scene.obj
c:\users\윤성주\desktop\모모도라\momodora_rutm\momodora_rutm\debug\scenemgr.obj
c:\users\윤성주\desktop\모모도라\momodora_rutm\momodora_rutm\debug\scrollmgr.obj
c:\users\윤성주\desktop\모모도라\momodora_rutm\momodora_rutm\debug\shieldmonster.obj
c:\users\윤성주\desktop\모모도라\momodora_rutm\momodora_rutm\debug\soundmgr.obj
c:\users\윤성주\desktop\모모도라\momodora_rutm\momodora_rutm\debug\stage.obj
c:\users\윤성주\desktop\모모도라\momodora_rutm\momodora_rutm\debug\start.obj
c:\users\윤성주\desktop\모모도라\momodora_rutm\momodora_rutm\debug\sword.obj
c:\users\윤성주\desktop\모모도라\momodora_rutm\momodora_rutm\debug\tile.obj
c:\users\윤성주\desktop\모모도라\momodora_rutm\momodora_rutm\debug\tilemgr.obj
c:\users\윤성주\desktop\모모도라\momodora_rutm\momodora_rutm\debug\arrow.obj
c:\users\윤성주\desktop\모모도라\momodora_rutm\momodora_rutm\debug\bigplant.obj
c:\users\윤성주\desktop\모모도라\momodora_rutm\momodora_rutm\debug\bmpmgr.obj
c:\users\윤성주\desktop\모모도라\momodora_rutm\momodora_rutm\debug\bomb.obj
c:\users\윤성주\desktop\모모도라\momodora_rutm\momodora_rutm\debug\bombmonster.obj
c:\users\윤성주\desktop\모모도라\momodora_rutm\momodora_rutm\debug\chest.obj
c:\users\윤성주\desktop\모모도라\momodora_rutm\momodora_rutm\debug\collisionmgr.obj
c:\users\윤성주\desktop\모모도라\momodora_rutm\momodora_rutm\debug\controltype.obj
c:\users\윤성주\desktop\모모도라\momodora_rutm\momodora_rutm\debug\deathmenu.obj
c:\users\윤성주\desktop\모모도라\momodora_rutm\momodora_rutm\debug\item.obj
c:\users\윤성주\desktop\모모도라\momodora_rutm\momodora_rutm\debug\jumpingmonster.obj
c:\users\윤성주\desktop\모모도라\momodora_rutm\momodora_rutm\debug\keymgr.obj
c:\users\윤성주\desktop\모모도라\momodora_rutm\momodora_rutm\debug\leaf.obj
c:\users\윤성주\desktop\모모도라\momodora_rutm\momodora_rutm\debug\line.obj
c:\users\윤성주\desktop\모모도라\momodora_rutm\momodora_rutm\debug\linemgr.obj
c:\users\윤성주\desktop\모모도라\momodora_rutm\momodora_rutm\debug\logo.obj
c:\users\윤성주\desktop\모모도라\momodora_rutm\momodora_rutm\debug\maingame.obj
c:\users\윤성주\desktop\모모도라\momodora_rutm\momodora_rutm\debug\maptool.obj
c:\users\윤성주\desktop\모모도라\momodora_rutm\momodora_rutm\debug\momodora_rutm.obj
c:\users\윤성주\desktop\모모도라\momodora_rutm\momodora_rutm\debug\playerui.obj
c:\users\윤성주\desktop\모모도라\momodora_rutm\momodora_rutm\debug\gold.obj
c:\users\윤성주\desktop\모모도라\momodora_rutm\debug\momodora_rutm.ilk
c:\users\윤성주\desktop\모모도라\momodora_rutm\debug\momodora_rutm.exe
c:\users\윤성주\desktop\모모도라\momodora_rutm\debug\momodora_rutm.pdb
c:\users\윤성주\desktop\모모도라\momodora_rutm\momodora_rutm\debug\momodora_rutm.res
c:\users\윤성주\desktop\모모도라\momodora_rutm\momodora_rutm\debug\monster.obj
c:\users\윤성주\desktop\모모도라\momodora_rutm\momodora_rutm\debug\swordmonster.obj
c:\users\윤성주\desktop\모모도라\momodora_rutm\momodora_rutm\debug\weapon.obj
c:\users\윤성주\desktop\모모도라\momodora_rutm\momodora_rutm\debug\collisionmgr.obj.enc
c:\users\윤성주\desktop\모모도라\momodora_rutm\momodora_rutm\debug\playerui.obj.enc
c:\users\윤성주\desktop\모모도라\momodora_rutm\momodora_rutm\debug\momodora_rutm.tlog\cl.command.1.tlog
c:\users\윤성주\desktop\모모도라\momodora_rutm\momodora_rutm\debug\momodora_rutm.tlog\cl.read.1.tlog
c:\users\윤성주\desktop\모모도라\momodora_rutm\momodora_rutm\debug\momodora_rutm.tlog\cl.write.1.tlog
c:\users\윤성주\desktop\모모도라\momodora_rutm\momodora_rutm\debug\momodora_rutm.tlog\link.command.1.tlog
c:\users\윤성주\desktop\모모도라\momodora_rutm\momodora_rutm\debug\momodora_rutm.tlog\link.read.1.tlog
c:\users\윤성주\desktop\모모도라\momodora_rutm\momodora_rutm\debug\momodora_rutm.tlog\link.write.1.tlog
c:\users\윤성주\desktop\모모도라\momodora_rutm\momodora_rutm\debug\momodora_rutm.tlog\rc.command.1.tlog
c:\users\윤성주\desktop\모모도라\momodora_rutm\momodora_rutm\debug\momodora_rutm.tlog\rc.read.1.tlog
c:\users\윤성주\desktop\모모도라\momodora_rutm\momodora_rutm\debug\momodora_rutm.tlog\rc.write.1.tlog
